<?xml version="1.0" encoding="UTF-8"?>
<!-- Generated by org.testng.reporters.JUnitReportReporter -->
<testsuite hostname="LAPTOP-V2OEVV9T" failures="0" tests="1" name="com.myMav.testcases.Owner1" time="8.308" errors="0" timestamp="2022-06-06T11:32:43 IST" skipped="0">
  <testcase classname="com.myMav.testcases.Owner1" name="Own" time="8.308"/>
  <system-out/>
</testsuite> <!-- com.myMav.testcases.Owner1 -->
