<?xml version="1.0" encoding="UTF-8"?>
<!-- Generated by org.testng.reporters.JUnitReportReporter -->
<testsuite hostname="LAPTOP-V2OEVV9T" failures="0" tests="1" name="com.myMav.testcases.Property1" time="8.372" errors="0" timestamp="2022-06-06T11:32:43 IST" skipped="0">
  <testcase classname="com.myMav.testcases.Property1" name="prop" time="8.372"/>
  <system-out/>
</testsuite> <!-- com.myMav.testcases.Property1 -->
